app/build/intermediates/manifest_merge_blame_file/debug/manifest-merger-blame-debug-report.txt
1<?xml version="1.0" encoding="utf-8"?>
2<manifest xmlns:android="http://schemas.android.com/apk/res/android"
3    package="com.example.maps"
4    android:versionCode="1"
5    android:versionName="1.0" >
6
7    <uses-sdk
8        android:minSdkVersion="26"
8-->src\main\AndroidManifest.xml
9        android:targetSdkVersion="31" />
9-->src\main\AndroidManifest.xml
10
11    <uses-permission android:name="android.permission.ACCESS_FINE_LOCATION" />
11-->src\main\AndroidManifest.xml:5:5-78
11-->src\main\AndroidManifest.xml:5:22-76
12    <uses-permission android:name="android.permission.ACCESS_COARSE_LOCATION" />
12-->src\main\AndroidManifest.xml:6:5-80
12-->src\main\AndroidManifest.xml:6:22-78
13    <uses-permission android:name="android.permission.WRITE_EXTERNAL_STORAGE" />
13-->src\main\AndroidManifest.xml:7:5-81
13-->src\main\AndroidManifest.xml:7:22-78
14
15    <!-- Include required permissions for Google Maps API to run. -->
16    <uses-permission android:name="android.permission.ACCESS_NETWORK_STATE" />
16-->[com.google.android.gms:play-services-maps:17.0.0] AndroidManifest.xml:23:5-79
16-->[com.google.android.gms:play-services-maps:17.0.0] AndroidManifest.xml:23:22-76
17    <uses-permission android:name="android.permission.INTERNET" />
17-->[com.google.android.gms:play-services-maps:17.0.0] AndroidManifest.xml:24:5-67
17-->[com.google.android.gms:play-services-maps:17.0.0] AndroidManifest.xml:24:22-64
18
19    <uses-feature
19-->[com.google.android.gms:play-services-maps:17.0.0] AndroidManifest.xml:26:5-28:35
20        android:glEsVersion="0x00020000"
20-->[com.google.android.gms:play-services-maps:17.0.0] AndroidManifest.xml:27:9-41
21        android:required="true" />
21-->[com.google.android.gms:play-services-maps:17.0.0] AndroidManifest.xml:28:9-32
22
23    <application
23-->src\main\AndroidManifest.xml:9:5-88:19
24        android:allowBackup="true"
24-->src\main\AndroidManifest.xml:10:9-35
25        android:appComponentFactory="androidx.core.app.CoreComponentFactory"
25-->[androidx.core:core:1.5.0] AndroidManifest.xml:24:18-86
26        android:debuggable="true"
27        android:extractNativeLibs="false"
28        android:icon="@mipmap/ic_launcher"
28-->src\main\AndroidManifest.xml:11:9-43
29        android:label="@string/app_name"
29-->src\main\AndroidManifest.xml:12:9-41
30        android:roundIcon="@mipmap/ic_launcher_round"
30-->src\main\AndroidManifest.xml:13:9-54
31        android:supportsRtl="true"
31-->src\main\AndroidManifest.xml:14:9-35
32        android:testOnly="true"
33        android:theme="@style/Theme.Navigator" >
33-->src\main\AndroidManifest.xml:15:9-47
34        <meta-data
34-->src\main\AndroidManifest.xml:16:9-18:55
35            android:name="com.google.android.geo.API_KEY"
35-->src\main\AndroidManifest.xml:17:13-58
36            android:value="@string/google_maps_key" />
36-->src\main\AndroidManifest.xml:18:13-52
37
38        <uses-library
38-->src\main\AndroidManifest.xml:20:9-22:40
39            android:name="org.apache.http.legacy"
39-->src\main\AndroidManifest.xml:21:13-50
40            android:required="false" />
40-->src\main\AndroidManifest.xml:22:13-37
41
42        <!-- PrepodActivity, NewsActivity, logotip -->
43        <activity
43-->src\main\AndroidManifest.xml:25:9-32:20
44            android:name="com.example.navigator.logotip"
44-->src\main\AndroidManifest.xml:26:13-36
45            android:exported="true" >
45-->src\main\AndroidManifest.xml:27:13-36
46            <intent-filter>
46-->src\main\AndroidManifest.xml:28:13-31:29
47                <action android:name="android.intent.action.MAIN" />
47-->src\main\AndroidManifest.xml:29:17-69
47-->src\main\AndroidManifest.xml:29:25-66
48
49                <category android:name="android.intent.category.LAUNCHER" />
49-->src\main\AndroidManifest.xml:30:17-77
49-->src\main\AndroidManifest.xml:30:27-74
50            </intent-filter>
51        </activity>
52        <activity
52-->src\main\AndroidManifest.xml:34:9-41:20
53            android:name="com.example.navigator.NewsPage"
53-->src\main\AndroidManifest.xml:35:13-37
54            android:exported="true" >
54-->src\main\AndroidManifest.xml:36:13-36
55            <intent-filter>
55-->src\main\AndroidManifest.xml:37:13-40:29
56                <action android:name="android.intent.action.NewsPage" />
56-->src\main\AndroidManifest.xml:38:17-73
56-->src\main\AndroidManifest.xml:38:25-70
57
58                <category android:name="android.intent.category.DEFAULT" />
58-->src\main\AndroidManifest.xml:39:17-76
58-->src\main\AndroidManifest.xml:39:27-73
59            </intent-filter>
60        </activity>
61        <activity
61-->src\main\AndroidManifest.xml:43:9-50:20
62            android:name="com.example.navigator.MainActivity"
62-->src\main\AndroidManifest.xml:44:13-41
63            android:exported="true" >
63-->src\main\AndroidManifest.xml:45:13-36
64            <intent-filter>
64-->src\main\AndroidManifest.xml:46:13-49:29
65                <action android:name="android.intent.action.MainActivity" />
65-->src\main\AndroidManifest.xml:47:17-77
65-->src\main\AndroidManifest.xml:47:25-74
66
67                <category android:name="android.intent.category.DEFAULT" />
67-->src\main\AndroidManifest.xml:39:17-76
67-->src\main\AndroidManifest.xml:39:27-73
68            </intent-filter>
69        </activity>
70        <activity
70-->src\main\AndroidManifest.xml:52:9-59:20
71            android:name="com.example.navigator.NewsActivity"
71-->src\main\AndroidManifest.xml:53:13-41
72            android:exported="true" >
72-->src\main\AndroidManifest.xml:54:13-36
73            <intent-filter>
73-->src\main\AndroidManifest.xml:55:13-58:29
74                <action android:name="android.intent.action.NewsActivity" />
74-->src\main\AndroidManifest.xml:56:17-77
74-->src\main\AndroidManifest.xml:56:25-74
75
76                <category android:name="android.intent.category.DEFAULT" />
76-->src\main\AndroidManifest.xml:39:17-76
76-->src\main\AndroidManifest.xml:39:27-73
77            </intent-filter>
78        </activity>
79        <activity
79-->src\main\AndroidManifest.xml:61:9-68:20
80            android:name="com.example.navigator.FacultyActivity"
80-->src\main\AndroidManifest.xml:62:13-44
81            android:exported="true" >
81-->src\main\AndroidManifest.xml:63:13-36
82            <intent-filter>
82-->src\main\AndroidManifest.xml:64:13-67:29
83                <action android:name="android.intent.action.FacultyActivity" />
83-->src\main\AndroidManifest.xml:65:17-80
83-->src\main\AndroidManifest.xml:65:25-77
84
85                <category android:name="android.intent.category.DEFAULT" />
85-->src\main\AndroidManifest.xml:39:17-76
85-->src\main\AndroidManifest.xml:39:27-73
86            </intent-filter>
87        </activity>
88        <activity
88-->src\main\AndroidManifest.xml:70:9-77:20
89            android:name="com.example.navigator.PrepodActivity"
89-->src\main\AndroidManifest.xml:71:13-43
90            android:exported="true" >
90-->src\main\AndroidManifest.xml:72:13-36
91            <intent-filter>
91-->src\main\AndroidManifest.xml:73:13-76:29
92                <action android:name="android.intent.action.PrepodActivity" />
92-->src\main\AndroidManifest.xml:74:17-79
92-->src\main\AndroidManifest.xml:74:25-76
93
94                <category android:name="android.intent.category.DEFAULT" />
94-->src\main\AndroidManifest.xml:39:17-76
94-->src\main\AndroidManifest.xml:39:27-73
95            </intent-filter>
96        </activity>
97        <activity
97-->src\main\AndroidManifest.xml:79:9-86:20
98            android:name="com.example.navigator.ReferencesActivity"
98-->src\main\AndroidManifest.xml:80:13-47
99            android:exported="true" >
99-->src\main\AndroidManifest.xml:81:13-36
100            <intent-filter>
100-->src\main\AndroidManifest.xml:82:13-85:29
101                <action android:name="android.intent.action.ReferencesActivity" />
101-->src\main\AndroidManifest.xml:83:17-83
101-->src\main\AndroidManifest.xml:83:25-80
102
103                <category android:name="android.intent.category.DEFAULT" />
103-->src\main\AndroidManifest.xml:39:17-76
103-->src\main\AndroidManifest.xml:39:27-73
104            </intent-filter>
105        </activity>
106        <activity
106-->[com.google.android.gms:play-services-base:17.0.0] AndroidManifest.xml:23:9-26:75
107            android:name="com.google.android.gms.common.api.GoogleApiActivity"
107-->[com.google.android.gms:play-services-base:17.0.0] AndroidManifest.xml:24:13-79
108            android:exported="false"
108-->[com.google.android.gms:play-services-base:17.0.0] AndroidManifest.xml:25:13-37
109            android:theme="@android:style/Theme.Translucent.NoTitleBar" />
109-->[com.google.android.gms:play-services-base:17.0.0] AndroidManifest.xml:26:13-72
110
111        <meta-data
111-->[com.google.android.gms:play-services-basement:17.0.0] AndroidManifest.xml:23:9-25:69
112            android:name="com.google.android.gms.version"
112-->[com.google.android.gms:play-services-basement:17.0.0] AndroidManifest.xml:24:13-58
113            android:value="@integer/google_play_services_version" />
113-->[com.google.android.gms:play-services-basement:17.0.0] AndroidManifest.xml:25:13-66
114    </application>
115
116</manifest>